Added Component: Designator=C1(CAP_0603)
Add component (AddParameter): Name = "Capacitance"; Value = "1uF"; VariantName = "[No Variations]"
Added Component: Designator=C2(CAP_0603)
Add component (AddParameter): Name = "Capacitance"; Value = "1uF"; VariantName = "[No Variations]"
Added Component: Designator=D11(LED_0603)
Added Component: Designator=E1(IPEX)
Added Component: Designator=L1(DTPU047A5)
Add component (AddParameter): Name = "Inductance"; Value = "27nH"; VariantName = "[No Variations]"
Added Component: Designator=R13(RES_0603)
Add component (AddParameter): Name = "Resistance"; Value = "4.7k"; VariantName = "[No Variations]"
Added Component: Designator=R14(RES_0603)
Add component (AddParameter): Name = "Resistance"; Value = "10"; VariantName = "[No Variations]"
Added Component: Designator=R15(RES_0603)
Add component (AddParameter): Name = "Resistance"; Value = "10"; VariantName = "[No Variations]"
Added Component: Designator=R16(RES_0603)
Add component (AddParameter): Name = "Resistance"; Value = "10"; VariantName = "[No Variations]"
Added Component: Designator=R17(RES_0603)
Add component (AddParameter): Name = "Resistance"; Value = "10"; VariantName = "[No Variations]"
Added Component: Designator=SW10(SS03-12D01-CG4)
Added Component: Designator=U2(TSSOP-8)
Added Component: Designator=U3(SOT23_5_PIN)
Added Component: Designator=U?(NEO-6M-0-001)
Added Component: Designator=X?(HEADER_1X5_M)
Added Pin To Net: NetName=3V3 Pin=C2-1
Added Pin To Net: NetName=3V3 Pin=U2-8
Added Pin To Net: NetName=3V3 Pin=U3-5
Added Pin To Net: NetName=3V3 Pin=U?-23
Added Net: Name=3V3
Added Pin To Net: NetName=GND Pin=C1-2
Added Pin To Net: NetName=GND Pin=C2-2
Added Pin To Net: NetName=GND Pin=E1-2
Added Pin To Net: NetName=GND Pin=E1-2
Added Pin To Net: NetName=GND Pin=E1-2
Added Pin To Net: NetName=GND Pin=R13-2
Added Pin To Net: NetName=GND Pin=U2-1
Added Pin To Net: NetName=GND Pin=U2-2
Added Pin To Net: NetName=GND Pin=U2-3
Added Pin To Net: NetName=GND Pin=U2-4
Added Pin To Net: NetName=GND Pin=U2-7
Added Pin To Net: NetName=GND Pin=U3-2
Added Pin To Net: NetName=GND Pin=U?-7
Added Pin To Net: NetName=GND Pin=U?-10
Added Pin To Net: NetName=GND Pin=U?-12
Added Pin To Net: NetName=GND Pin=U?-13
Added Pin To Net: NetName=GND Pin=U?-24
Added Pin To Net: NetName=GND Pin=X?-4
Added Net: Name=GND
Added Pin To Net: NetName=GPIO14 Pin=R14-1
Added Net: Name=GPIO14
Added Pin To Net: NetName=GPIO15 Pin=R15-1
Added Net: Name=GPIO15
Added Pin To Net: NetName=GSCL Pin=U2-6
Added Pin To Net: NetName=GSCL Pin=U?-19
Added Net: Name=GSCL
Added Pin To Net: NetName=GSDA Pin=U2-5
Added Pin To Net: NetName=GSDA Pin=U?-18
Added Net: Name=GSDA
Added Pin To Net: NetName=NetC1_1 Pin=C1-1
Added Pin To Net: NetName=NetC1_1 Pin=SW10-2
Added Pin To Net: NetName=NetC1_1 Pin=U3-1
Added Pin To Net: NetName=NetC1_1 Pin=U3-3
Added Net: Name=NetC1_1
Added Pin To Net: NetName=NetD11_2 Pin=D11-2
Added Pin To Net: NetName=NetD11_2 Pin=R13-1
Added Net: Name=NetD11_2
Added Pin To Net: NetName=NetE1_1 Pin=E1-1
Added Pin To Net: NetName=NetE1_1 Pin=R16-2
Added Pin To Net: NetName=NetE1_1 Pin=U?-11
Added Net: Name=NetE1_1
Added Pin To Net: NetName=NetL1_1 Pin=L1-1
Added Pin To Net: NetName=NetL1_1 Pin=R16-1
Added Net: Name=NetL1_1
Added Pin To Net: NetName=NetL1_2 Pin=L1-2
Added Pin To Net: NetName=NetL1_2 Pin=R17-2
Added Net: Name=NetL1_2
Added Pin To Net: NetName=NetR14_2 Pin=R14-2
Added Pin To Net: NetName=NetR14_2 Pin=U?-21
Added Net: Name=NetR14_2
Added Pin To Net: NetName=NetR15_2 Pin=R15-2
Added Pin To Net: NetName=NetR15_2 Pin=U?-20
Added Net: Name=NetR15_2
Added Pin To Net: NetName=NetR17_1 Pin=R17-1
Added Pin To Net: NetName=NetR17_1 Pin=U?-8
Added Pin To Net: NetName=NetR17_1 Pin=U?-9
Added Net: Name=NetR17_1
Added Pin To Net: NetName=PPX Pin=D11-1
Added Pin To Net: NetName=PPX Pin=U?-3
Added Pin To Net: NetName=PPX Pin=X?-1
Added Net: Name=PPX
Added Pin To Net: NetName=RX Pin=X?-2
Added Net: Name=RX
Added Pin To Net: NetName=TX Pin=X?-3
Added Net: Name=TX
Added Pin To Net: NetName=VCC Pin=SW10-1
Added Pin To Net: NetName=VCC Pin=X?-5
Added Net: Name=VCC
Added Class: Name=KSS_4_GPS
Added Room: Name=KSS_4_GPS
