Change Component Designator: OldDesignator=C? NewDesignator=C1
Change Component Designator: OldDesignator=C? NewDesignator=C2
Change Component Designator: OldDesignator=C? NewDesignator=C3
Change Component Designator: OldDesignator=P? NewDesignator=P1
Change Component Designator: OldDesignator=Q? NewDesignator=Q1
Change Component Designator: OldDesignator=Q? NewDesignator=Q2
Change Component Designator: OldDesignator=Q? NewDesignator=Q3
Change Component Designator: OldDesignator=Q? NewDesignator=Q4
Change Component Designator: OldDesignator=Q? NewDesignator=Q5
Change Component Designator: OldDesignator=R? NewDesignator=R1
Change Component Designator: OldDesignator=R? NewDesignator=R2
Change Component Designator: OldDesignator=R? NewDesignator=R3
Change Component Designator: OldDesignator=R? NewDesignator=R4
Change Component Designator: OldDesignator=R? NewDesignator=R5
Change Component Designator: OldDesignator=R? NewDesignator=R6
Change Component Designator: OldDesignator=U? NewDesignator=U1
Change Component Designator: OldDesignator=X? NewDesignator=X1
Change Component Designator: OldDesignator=X? NewDesignator=X2
Change Component Designator: OldDesignator=X? NewDesignator=X3
Change Net Name : Old Net Name=NetC?_1 New Net Name=NetC3_1
Change Net Name : Old Net Name=NetC?_2 New Net Name=NetC1_2
Change Net Name : Old Net Name=NetQ?_4 New Net Name=NetQ3_4
Change Net Name : Old Net Name=NetQ?_5 New Net Name=NetQ5_5
Change Net Name : Old Net Name=NetR?_2 New Net Name=NetR4_2
Added Pin To Net: NetName=NetC2_1 Pin=C2-1
Added Pin To Net: NetName=NetC2_1 Pin=R6-2
Added Pin To Net: NetName=NetC2_1 Pin=U1-2
Added Net: Name=NetC2_1
Added Pin To Net: NetName=NetQ1_4 Pin=Q1-4
Added Pin To Net: NetName=NetQ1_4 Pin=R1-2
Added Net: Name=NetQ1_4
Added Pin To Net: NetName=NetQ2_4 Pin=Q2-4
Added Pin To Net: NetName=NetQ2_4 Pin=R2-2
Added Net: Name=NetQ2_4
Added Pin To Net: NetName=NetQ4_4 Pin=Q4-4
Added Pin To Net: NetName=NetQ4_4 Pin=R4-1
Added Net: Name=NetQ4_4
Added Member To Class: ClassName=Sheet2 Member=Component C1 Capacitor
Added Member To Class: ClassName=Sheet2 Member=Component C3 Capacitor_Pol
Added Member To Class: ClassName=Sheet2 Member=Component Q1 YJQ35N04A
Added Member To Class: ClassName=Sheet2 Member=Component Q2 YJQ35N04A
Added Member To Class: ClassName=Sheet2 Member=Component Q3 YJQ35N04A
Added Member To Class: ClassName=Sheet2 Member=Component Q5 AON7407
Added Member To Class: ClassName=Sheet2 Member=Component R1 Resistor
Added Member To Class: ClassName=Sheet2 Member=Component R2 Resistor
Added Member To Class: ClassName=Sheet2 Member=Component R3 Resistor
Added Member To Class: ClassName=Sheet2 Member=Component R4 Resistor
Added Member To Class: ClassName=Sheet2 Member=Component R5 Resistor
Added Member To Class: ClassName=Sheet2 Member=Component X1 SUPLY
Added Member To Class: ClassName=Sheet2 Member=Component X2 SUPLY
