Added Component: Designator=C?(PANASONIC_B_BO)
Add component (AddParameter): Name = "Value"; Value = "1000uF"; VariantName = "[No Variations]"
Added Component: Designator=P?(POT_1801-J_BO)
Add component (AddParameter): Name = "Resistance"; Value = "100k"; VariantName = "[No Variations]"
Added Component: Designator=Q?(DFN3.3x3.3)
Added Component: Designator=Q?(DFN3x3)
Added Component: Designator=Q?(DFN3.3x3.3)
Added Component: Designator=R?(RES 1206)
Add component (AddParameter): Name = "Resistance"; Value = "4.7k"; VariantName = "[No Variations]"
Added Component: Designator=R?(RES 1206)
Add component (AddParameter): Name = "Resistance"; Value = "4.7k"; VariantName = "[No Variations]"
Added Component: Designator=R?(RES 1206)
Add component (AddParameter): Name = "Resistance"; Value = "1k"; VariantName = "[No Variations]"
Added Component: Designator=R?(RES 1206)
Add component (AddParameter): Name = "Resistance"; Value = "4.7k"; VariantName = "[No Variations]"
Added Component: Designator=R?(RES 1206)
Add component (AddParameter): Name = "Resistance"; Value = "470"; VariantName = "[No Variations]"
Added Component: Designator=X?(double solder pad)
Added Component: Designator=X?(double solder pad)
Added Component: Designator=X?(tripple solder pad)
Added Pin To Net: NetName=GND Pin=C?-1
Added Pin To Net: NetName=GND Pin=C?-2
Added Pin To Net: NetName=GND Pin=C?-2
Added Pin To Net: NetName=GND Pin=Q?-1
Added Pin To Net: NetName=GND Pin=Q?-1
Added Pin To Net: NetName=GND Pin=Q?-1
Added Pin To Net: NetName=GND Pin=Q?-1
Added Pin To Net: NetName=GND Pin=X?-2
Added Pin To Net: NetName=NetC?_1 Pin=C?-1
Added Pin To Net: NetName=NetC?_1 Pin=P?-3
Added Pin To Net: NetName=NetC?_1 Pin=U?-6
Added Pin To Net: NetName=NetC?_1 Pin=U?-7
Added Net: Name=NetC?_1
Add Net: Net with name "NetC?_1" already exists
Added Pin To Net: NetName=NetC?_2 Pin=C?-2
Added Pin To Net: NetName=NetC?_2 Pin=P?-2
Added Pin To Net: NetName=NetC?_2 Pin=R?-1
Added Pin To Net: NetName=NetC?_2 Pin=R?-1
Added Pin To Net: NetName=NetC?_2 Pin=U?-4
Added Pin To Net: NetName=NetC?_2 Pin=U?-5
Added Net: Name=NetC?_2
Added Pin To Net: NetName=NetQ?_4 Pin=Q?-4
Added Pin To Net: NetName=NetQ?_4 Pin=R?-2
Added Net: Name=NetQ?_4
Add Net: Net with name "NetQ?_4" already exists
Add Net: Net with name "NetQ?_4" already exists
Add Net: Net with name "NetQ?_4" already exists
Added Pin To Net: NetName=NetQ?_5 Pin=Q?-5
Added Pin To Net: NetName=NetQ?_5 Pin=R?-2
Added Net: Name=NetQ?_5
Added Pin To Net: NetName=NetR?_2 Pin=R?-2
Added Pin To Net: NetName=NetR?_2 Pin=U?-3
Added Net: Name=NetR?_2
Added Pin To Net: NetName=OUT+ Pin=Q?-1
Added Pin To Net: NetName=OUT+ Pin=X?-1
Added Pin To Net: NetName=OUT+ Pin=X?-1
Added Net: Name=OUT+
Added Pin To Net: NetName=OUT- Pin=Q?-4
Added Pin To Net: NetName=OUT- Pin=Q?-5
Added Pin To Net: NetName=OUT- Pin=Q?-5
Added Pin To Net: NetName=OUT- Pin=Q?-5
Added Pin To Net: NetName=OUT- Pin=Q?-5
Added Pin To Net: NetName=OUT- Pin=X?-2
Added Net: Name=OUT-
Added Pin To Net: NetName=TR_1 Pin=R?-1
Added Pin To Net: NetName=TR_1 Pin=X?-1
Added Net: Name=TR_1
Added Pin To Net: NetName=TR_2 Pin=R?-1
Added Pin To Net: NetName=TR_2 Pin=X?-2
Added Net: Name=TR_2
Added Pin To Net: NetName=TR_3 Pin=R?-1
Added Pin To Net: NetName=TR_3 Pin=X?-3
Added Net: Name=TR_3
Added Member To Class: ClassName=Sheet2 Member=Component C? Capacitor_Pol
Added Member To Class: ClassName=Sheet2 Member=Component C? Capacitor
Added Member To Class: ClassName=Sheet2 Member=Component P? Potentiometer
Added Member To Class: ClassName=Sheet2 Member=Component Q? YJQ35N04A
Added Member To Class: ClassName=Sheet2 Member=Component Q? AON7407
Added Member To Class: ClassName=Sheet2 Member=Component Q? YJQ35N04A
Added Member To Class: ClassName=Sheet2 Member=Component Q? YJQ35N04A
Added Member To Class: ClassName=Sheet2 Member=Component R? Resistor
Added Member To Class: ClassName=Sheet2 Member=Component R? Resistor
Added Member To Class: ClassName=Sheet2 Member=Component R? Resistor
Added Member To Class: ClassName=Sheet2 Member=Component R? Resistor
Added Member To Class: ClassName=Sheet2 Member=Component R? Resistor
Added Member To Class: ClassName=Sheet2 Member=Component X? SUPLY
Added Member To Class: ClassName=Sheet2 Member=Component X? SUPLY
Added Member To Class: ClassName=Sheet2 Member=Component X? ?
