Added Component: Designator=D1(LED_1206)
Added Component: Designator=D2(LED_1206)
Added Component: Designator=D3(LED_1206)
Added Component: Designator=R1(RES 1206)
Add component (AddParameter): Name = "Resistance"; Value = "56"; VariantName = "[No Variations]"
Added Component: Designator=R2(RES 1206)
Add component (AddParameter): Name = "Resistance"; Value = "56"; VariantName = "[No Variations]"
Added Component: Designator=R3(RES 1206)
Add component (AddParameter): Name = "Resistance"; Value = "56"; VariantName = "[No Variations]"
Added Component: Designator=X1(GOLDPIN_M_4X1_90)
Added Pin To Net: NetName=GND Pin=D1-2
Added Pin To Net: NetName=GND Pin=D2-2
Added Pin To Net: NetName=GND Pin=D3-2
Added Pin To Net: NetName=GND Pin=X1-4
Added Net: Name=GND
Added Pin To Net: NetName=NetD1_1 Pin=D1-1
Added Pin To Net: NetName=NetD1_1 Pin=R1-1
Added Net: Name=NetD1_1
Added Pin To Net: NetName=NetD2_1 Pin=D2-1
Added Pin To Net: NetName=NetD2_1 Pin=R2-1
Added Net: Name=NetD2_1
Added Pin To Net: NetName=NetD3_1 Pin=D3-1
Added Pin To Net: NetName=NetD3_1 Pin=R3-1
Added Net: Name=NetD3_1
Added Pin To Net: NetName=NetR1_2 Pin=R1-2
Added Pin To Net: NetName=NetR1_2 Pin=X1-3
Added Net: Name=NetR1_2
Added Pin To Net: NetName=NetR2_2 Pin=R2-2
Added Pin To Net: NetName=NetR2_2 Pin=X1-2
Added Net: Name=NetR2_2
Added Pin To Net: NetName=NetR3_2 Pin=R3-2
Added Pin To Net: NetName=NetR3_2 Pin=X1-1
Added Net: Name=NetR3_2
Added Class: Name=KSS_4_info_LED
