Removed Pin From Net: NetName=BUTTON_LED_3 Pin=X4-1
Removed Pin From Net: NetName=GPIO22 Pin=X4-3
Removed Pin From Net: NetName=GPIO27 Pin=X4-4
Removed Pin From Net: NetName=GPIO17 Pin=X4-5
Removed Pin From Net: NetName=BUTTON_LED_4 Pin=X4-6
Removed Pin From Net: NetName=5V Pin=X4-8
Removed Pin From Net: NetName=BUTTON_LED_3 Pin=X5-1
Removed Pin From Net: NetName=BUTTON_LED_3 Pin=X5-2
Removed Pin From Net: NetName=GPIO21 Pin=X5-3
Removed Pin From Net: NetName=GPIO1 Pin=X5-4
Removed Pin From Net: NetName=GPIO19 Pin=X5-5
Removed Pin From Net: NetName=GPIO6 Pin=X5-6
Removed Pin From Net: NetName=GPIO5 Pin=X5-7
Removed Pin From Net: NetName=GPIO0 Pin=X5-8
Added Pin To Net: NetName=5V Pin=X4-1
Added Pin To Net: NetName=BUTTON_LED_4 Pin=X4-3
Added Pin To Net: NetName=GPIO17 Pin=X4-4
Added Pin To Net: NetName=GPIO27 Pin=X4-5
Added Pin To Net: NetName=GPIO22 Pin=X4-6
Added Pin To Net: NetName=BUTTON_LED_3 Pin=X4-8
Added Pin To Net: NetName=GPIO0 Pin=X5-1
Added Pin To Net: NetName=GPIO5 Pin=X5-2
Added Pin To Net: NetName=GPIO6 Pin=X5-3
Added Pin To Net: NetName=GPIO19 Pin=X5-4
Added Pin To Net: NetName=GPIO1 Pin=X5-5
Added Pin To Net: NetName=GPIO21 Pin=X5-6
Added Pin To Net: NetName=BUTTON_LED_3 Pin=X5-7
Added Pin To Net: NetName=BUTTON_LED_3 Pin=X5-8
