Removed Pin From Net: NetName=BUTTON_LED_4 Pin=X2-2
Removed Pin From Net: NetName=GPIO17 Pin=X3-1
Removed Pin From Net: NetName=GPIO27 Pin=X3-2
Removed Pin From Net: NetName=GPIO2 Pin=X3-5
Removed Pin From Net: NetName=GPIO3 Pin=X3-6
Removed Pin From Net: NetName=GPIO4 Pin=X3-7
Removed Pin From Net: NetName=5V Pin=X3-8
Removed Pin From Net: NetName=GPIO17 Pin=X4-1
Removed Pin From Net: NetName=GPIO27 Pin=X4-2
Removed Pin From Net: NetName=GPIO22 Pin=X4-3
Removed Pin From Net: NetName=GPIO0 Pin=X4-4
Removed Pin From Net: NetName=GPIO5 Pin=X4-5
Removed Pin From Net: NetName=BUTTON_LED_3 Pin=X4-6
Removed Pin From Net: NetName=GPIO6 Pin=X5-1
Removed Pin From Net: NetName=GPIO19 Pin=X5-2
Removed Pin From Net: NetName=GPIO14 Pin=X5-3
Removed Pin From Net: NetName=GPIO15 Pin=X5-4
Added Pin To Net: NetName=5V Pin=X2-2
Added Pin To Net: NetName=GPIO2 Pin=X3-1
Added Pin To Net: NetName=GPIO3 Pin=X3-2
Added Pin To Net: NetName=BUTTON_LED_3 Pin=X3-5
Added Pin To Net: NetName=GPIO4 Pin=X3-6
Added Pin To Net: NetName=GPIO14 Pin=X3-7
Added Pin To Net: NetName=GPIO15 Pin=X3-8
Added Pin To Net: NetName=5V Pin=X4-1
Added Pin To Net: NetName=BUTTON_LED_3 Pin=X4-2
Added Pin To Net: NetName=BUTTON_LED_4 Pin=X4-3
Added Pin To Net: NetName=GPIO17 Pin=X4-4
Added Pin To Net: NetName=GPIO27 Pin=X4-5
Added Pin To Net: NetName=GPIO22 Pin=X4-6
Added Pin To Net: NetName=GPIO0 Pin=X5-1
Added Pin To Net: NetName=GPIO5 Pin=X5-2
Added Pin To Net: NetName=GPIO6 Pin=X5-3
Added Pin To Net: NetName=GPIO19 Pin=X5-4
Change Net Color : Old Net Color=RGB(158, 161, 117) New Net Color=Red
Change Net Color : Old Net Color=Black New Net Color=RGB(67, 67, 67)
Change Net Color : Old Net Color=RGB(158, 161, 117) New Net Color=RGB(234, 153, 153)
Change Net Color : Old Net Color=RGB(158, 161, 117) New Net Color=RGB(103, 78, 167)
Change Net Color : Old Net Color=RGB(158, 161, 117) New Net Color=RGB(12, 255, 245)
Change Net Color : Old Net Color=RGB(158, 161, 117) New Net Color=RGB(12, 255, 245)
Change Net Color : Old Net Color=RGB(158, 161, 117) New Net Color=Lime
Change Net Color : Old Net Color=RGB(158, 161, 117) New Net Color=Lime
Change Net Color : Old Net Color=RGB(158, 161, 117) New Net Color=Lime
Change Net Color : Old Net Color=RGB(158, 161, 117) New Net Color=RGB(12, 255, 245)
Change Net Color : Old Net Color=RGB(158, 161, 117) New Net Color=RGB(12, 255, 245)
Change Net Color : Old Net Color=RGB(158, 161, 117) New Net Color=RGB(241, 194, 50)
Change Net Color : Old Net Color=RGB(158, 161, 117) New Net Color=RGB(241, 194, 50)
Change Net Color : Old Net Color=RGB(158, 161, 117) New Net Color=Fuchsia
Change Net Color : Old Net Color=RGB(158, 161, 117) New Net Color=Fuchsia
Change Net Color : Old Net Color=RGB(158, 161, 117) New Net Color=Fuchsia
Change Net Color : Old Net Color=RGB(158, 161, 117) New Net Color=RGB(241, 194, 50)
Change Net Color : Old Net Color=RGB(158, 161, 117) New Net Color=RGB(201, 218, 248)
Change Net Color : Old Net Color=RGB(158, 161, 117) New Net Color=Lime
Change Net Color : Old Net Color=RGB(158, 161, 117) New Net Color=Lime
Change Net Color : Old Net Color=RGB(158, 161, 117) New Net Color=RGB(241, 194, 50)
Change Net Color : Old Net Color=RGB(158, 161, 117) New Net Color=RGB(36, 0, 255)
Change Net Color : Old Net Color=RGB(158, 161, 117) New Net Color=RGB(241, 194, 50)
Change Net Color : Old Net Color=RGB(158, 161, 117) New Net Color=RGB(12, 255, 245)
Change Net Color : Old Net Color=RGB(158, 161, 117) New Net Color=RGB(241, 194, 50)
Change Net Color : Old Net Color=RGB(158, 161, 117) New Net Color=RGB(12, 255, 245)
Change Net Color : Old Net Color=RGB(158, 161, 117) New Net Color=RGB(36, 0, 255)
Change Net Color : Old Net Color=RGB(158, 161, 117) New Net Color=RGB(241, 194, 50)
Change Net Color : Old Net Color=RGB(158, 161, 117) New Net Color=RGB(241, 194, 50)
Change Net Color : Old Net Color=RGB(158, 161, 117) New Net Color=RGB(241, 194, 50)
Change Net Color : Old Net Color=RGB(158, 161, 117) New Net Color=RGB(36, 0, 255)
Change Net Color : Old Net Color=RGB(158, 161, 117) New Net Color=RGB(201, 218, 248)
Added Member To Class: ClassName=KSS Member=Component D3 ?
