Added Pin To Net: NetName=BUTTON_LED_3 Pin=D10-2
Added Pin To Net: NetName=BUTTON_LED_3 Pin=D11-2
Added Pin To Net: NetName=BUTTON_LED_3 Pin=D12-2
Added Pin To Net: NetName=GPIO11 Pin=R10-2
Added Pin To Net: NetName=GPIO9 Pin=R11-2
Added Pin To Net: NetName=GPIO10 Pin=R12-2
Change Net Color : Old Net Color=RGB(158, 161, 117) New Net Color=Black
Change Net Color : Old Net Color=RGB(158, 161, 117) New Net Color=Black
Change Net Color : Old Net Color=RGB(158, 161, 117) New Net Color=Black
Change Net Color : Old Net Color=RGB(158, 161, 117) New Net Color=Black
Change Net Color : Old Net Color=RGB(158, 161, 117) New Net Color=Black
Change Net Color : Old Net Color=RGB(158, 161, 117) New Net Color=Black
Change Net Color : Old Net Color=RGB(158, 161, 117) New Net Color=Black
Change Net Color : Old Net Color=RGB(158, 161, 117) New Net Color=Black
Change Net Color : Old Net Color=RGB(158, 161, 117) New Net Color=Black
Change Net Color : Old Net Color=RGB(158, 161, 117) New Net Color=Black
Change Net Color : Old Net Color=RGB(158, 161, 117) New Net Color=Black
Change Net Color : Old Net Color=RGB(158, 161, 117) New Net Color=Black
Change Net Color : Old Net Color=RGB(158, 161, 117) New Net Color=Black
Change Net Color : Old Net Color=RGB(158, 161, 117) New Net Color=Black
Change Net Color : Old Net Color=RGB(158, 161, 117) New Net Color=Black
Change Net Color : Old Net Color=RGB(158, 161, 117) New Net Color=Black
Change Net Color : Old Net Color=RGB(158, 161, 117) New Net Color=Black
Change Net Color : Old Net Color=RGB(158, 161, 117) New Net Color=Black
Change Net Color : Old Net Color=RGB(158, 161, 117) New Net Color=Black
Change Net Color : Old Net Color=RGB(158, 161, 117) New Net Color=Black
Change Net Color : Old Net Color=RGB(158, 161, 117) New Net Color=Black
Change Net Color : Old Net Color=RGB(158, 161, 117) New Net Color=Black
Change Net Color : Old Net Color=RGB(158, 161, 117) New Net Color=Black
Change Net Color : Old Net Color=RGB(158, 161, 117) New Net Color=Black
Change Net Color : Old Net Color=RGB(158, 161, 117) New Net Color=Black
Change Net Color : Old Net Color=RGB(158, 161, 117) New Net Color=Black
Change Net Color : Old Net Color=RGB(158, 161, 117) New Net Color=Black
Change Net Color : Old Net Color=RGB(158, 161, 117) New Net Color=Black
Change Net Color : Old Net Color=RGB(158, 161, 117) New Net Color=Black
Change Net Color : Old Net Color=RGB(158, 161, 117) New Net Color=Black
Change Net Color : Old Net Color=RGB(158, 161, 117) New Net Color=Black
Change Net Color : Old Net Color=RGB(158, 161, 117) New Net Color=Black
Change Net Color : Old Net Color=RGB(158, 161, 117) New Net Color=Black
Change Net Color : Old Net Color=RGB(158, 161, 117) New Net Color=Black
Change Net Color : Old Net Color=RGB(158, 161, 117) New Net Color=Black
Change Net Color : Old Net Color=RGB(158, 161, 117) New Net Color=Black
Change Net Color : Old Net Color=RGB(158, 161, 117) New Net Color=Black
Change Net Color : Old Net Color=RGB(158, 161, 117) New Net Color=Black
Change Net Color : Old Net Color=RGB(158, 161, 117) New Net Color=Black
Change Net Color : Old Net Color=RGB(158, 161, 117) New Net Color=Black
Change Net Color : Old Net Color=RGB(158, 161, 117) New Net Color=Black
Added Pin To Net: NetName=NetD10_1 Pin=D10-1
Added Pin To Net: NetName=NetD10_1 Pin=R10-1
Added Net: Name=NetD10_1
Added Pin To Net: NetName=NetD11_1 Pin=D11-1
Added Pin To Net: NetName=NetD11_1 Pin=R11-1
Added Net: Name=NetD11_1
Added Pin To Net: NetName=NetD12_1 Pin=D12-1
Added Pin To Net: NetName=NetD12_1 Pin=R12-1
Added Net: Name=NetD12_1
