Removed Pin From Net: NetName=GPIO18 Pin=SW1-1
Removed Pin From Net: NetName=BUTTON_LED_3 Pin=SW1-2
Removed Pin From Net: NetName=GPIO23 Pin=SW2-1
Removed Pin From Net: NetName=BUTTON_LED_3 Pin=SW2-2
Removed Pin From Net: NetName=GPIO24 Pin=SW3-1
Removed Pin From Net: NetName=BUTTON_LED_3 Pin=SW3-2
Removed Pin From Net: NetName=GPIO25 Pin=SW4-1
Removed Pin From Net: NetName=BUTTON_LED_3 Pin=SW4-2
Removed Pin From Net: NetName=GPIO8 Pin=SW5-1
Removed Pin From Net: NetName=BUTTON_LED_3 Pin=SW5-2
Removed Pin From Net: NetName=GPIO7 Pin=SW6-1
Removed Pin From Net: NetName=BUTTON_LED_3 Pin=SW6-2
Removed Pin From Net: NetName=GPIO12 Pin=SW7-1
Removed Pin From Net: NetName=BUTTON_LED_3 Pin=SW7-2
Removed Pin From Net: NetName=GPIO16 Pin=SW8-1
Removed Pin From Net: NetName=BUTTON_LED_3 Pin=SW8-2
Removed Pin From Net: NetName=GPIO20 Pin=SW9-1
Removed Pin From Net: NetName=BUTTON_LED_3 Pin=SW9-2
Change Component Comment : Designator=D1 Old Comment=? New Comment=WH
Change Component Comment : Designator=D2 Old Comment=? New Comment=WH
Change Component Comment : Designator=D3 Old Comment=? New Comment=WH
Change Component Comment : Designator=D4 Old Comment=? New Comment=WH
Change Component Comment : Designator=D5 Old Comment=? New Comment=WH
Change Component Comment : Designator=D6 Old Comment=? New Comment=WH
Change Component Comment : Designator=D7 Old Comment=? New Comment=WH
Change Component Comment : Designator=D8 Old Comment=? New Comment=WH
Change Component Comment : Designator=D9 Old Comment=? New Comment=WH
Change component parameters: Designator = "R1" ("R1"); Footprint = "RES 1206"; UniqueID = "\UVMCGXJY" ("\UVMCGXJY")
Change component parameters (AddParameter): Name = "Resistance"; Value = "100"; VariantName = "[No Variations]"
Change component parameters: Designator = "R2" ("R2"); Footprint = "RES 1206"; UniqueID = "\MLEYAMDB" ("\MLEYAMDB")
Change component parameters (AddParameter): Name = "Resistance"; Value = "100"; VariantName = "[No Variations]"
Change component parameters: Designator = "R3" ("R3"); Footprint = "RES 1206"; UniqueID = "\OTBJHUMI" ("\OTBJHUMI")
Change component parameters (AddParameter): Name = "Resistance"; Value = "100"; VariantName = "[No Variations]"
Change component parameters: Designator = "R4" ("R4"); Footprint = "RES 1206"; UniqueID = "\MTPJPZJE" ("\MTPJPZJE")
Change component parameters (AddParameter): Name = "Resistance"; Value = "100"; VariantName = "[No Variations]"
Change component parameters: Designator = "R5" ("R5"); Footprint = "RES 1206"; UniqueID = "\BURKOLNL" ("\BURKOLNL")
Change component parameters (AddParameter): Name = "Resistance"; Value = "100"; VariantName = "[No Variations]"
Change component parameters: Designator = "R6" ("R6"); Footprint = "RES 1206"; UniqueID = "\KJVESYNU" ("\KJVESYNU")
Change component parameters (AddParameter): Name = "Resistance"; Value = "100"; VariantName = "[No Variations]"
Change component parameters: Designator = "R7" ("R7"); Footprint = "RES 1206"; UniqueID = "\AWJMZJLA" ("\AWJMZJLA")
Change component parameters (AddParameter): Name = "Resistance"; Value = "100"; VariantName = "[No Variations]"
Change component parameters: Designator = "R8" ("R8"); Footprint = "RES 1206"; UniqueID = "\HOGULNSI" ("\HOGULNSI")
Change component parameters (AddParameter): Name = "Resistance"; Value = "100"; VariantName = "[No Variations]"
Change component parameters: Designator = "R9" ("R9"); Footprint = "RES 1206"; UniqueID = "\LECANGYR" ("\LECANGYR")
Change component parameters (AddParameter): Name = "Resistance"; Value = "100"; VariantName = "[No Variations]"
Added Pin To Net: NetName=BUTTON_LED_3 Pin=SW1-1
Added Pin To Net: NetName=GPIO18 Pin=SW1-2
Added Pin To Net: NetName=BUTTON_LED_3 Pin=SW2-1
Added Pin To Net: NetName=GPIO23 Pin=SW2-2
Added Pin To Net: NetName=BUTTON_LED_3 Pin=SW3-1
Added Pin To Net: NetName=GPIO24 Pin=SW3-2
Added Pin To Net: NetName=BUTTON_LED_3 Pin=SW4-1
Added Pin To Net: NetName=GPIO25 Pin=SW4-2
Added Pin To Net: NetName=BUTTON_LED_3 Pin=SW5-1
Added Pin To Net: NetName=GPIO8 Pin=SW5-2
Added Pin To Net: NetName=BUTTON_LED_3 Pin=SW6-1
Added Pin To Net: NetName=GPIO7 Pin=SW6-2
Added Pin To Net: NetName=BUTTON_LED_3 Pin=SW7-1
Added Pin To Net: NetName=GPIO12 Pin=SW7-2
Added Pin To Net: NetName=BUTTON_LED_3 Pin=SW8-1
Added Pin To Net: NetName=GPIO16 Pin=SW8-2
Added Pin To Net: NetName=BUTTON_LED_3 Pin=SW9-1
Added Pin To Net: NetName=GPIO20 Pin=SW9-2
