Removed Pin From Net: NetName=KEYS_LED Pin=X2-1
Removed Pin From Net: NetName=5V Pin=X2-2
Removed Pin From Net: NetName=BUTTON_LED_3 Pin=X2-3
Removed Pin From Net: NetName=GPIO13 Pin=X2-4
Removed Pin From Net: NetName=BUTTON_LED_4 Pin=X2-5
Removed Pin From Net: NetName=BUTTON_LED_3 Pin=X2-6
Removed Pin From Net: NetName=BUTTON_LED_3 Pin=X2-8
Removed Pin From Net: NetName=BUTTON_LED_3 Pin=X3-3
Removed Member From Class: ClassName=KSS Member=X2
Change component parameters: Designator = "R12" ("R12"); Footprint = "RES 1206"; UniqueID = "\VAJBMIEQ" ("\VAJBMIEQ")
Change component parameters (AddParameter): Name = "Resistance"; Value = "56"; VariantName = "[No Variations]"
Added Component: Designator=BUZ1(HCM1206X)
Add component (AddParameter): Name = "f"; Value = "3000 Hz"; VariantName = "[No Variations]"
Add component (AddParameter): Name = "V"; Value = "3V"; VariantName = "[No Variations]"
Added Component: Designator=D13(SMA/DO-214AC)
Add component (AddParameter): Name = "I(AV)"; Value = "1 A"; VariantName = "[No Variations]"
Add component (AddParameter): Name = "IFSM"; Value = "30 A"; VariantName = "[No Variations]"
Add component (AddParameter): Name = "IR; TA=25"; Value = "0.5 mA"; VariantName = "[No Variations]"
Add component (AddParameter): Name = "IR; TA=100"; Value = "20 mA"; VariantName = "[No Variations]"
Add component (AddParameter): Name = "VF"; Value = "0.7V"; VariantName = "[No Variations]"
Add component (AddParameter): Name = "VRMS"; Value = "28V"; VariantName = "[No Variations]"
Add component (AddParameter): Name = "VRRM"; Value = "40 V"; VariantName = "[No Variations]"
Added Component: Designator=Q1(SOT23_3_PIN)
Add component (AddParameter): Name = "IDmax"; Value = "-3.7A"; VariantName = "[No Variations]"
Add component (AddParameter): Name = "RDSon"; Value = "0.065 Ohm"; VariantName = "[No Variations]"
Add component (AddParameter): Name = "VDSS"; Value = "-20 V"; VariantName = "[No Variations]"
Add component (AddParameter): Name = "VGS"; Value = "12 V"; VariantName = "[No Variations]"
Added Component: Designator=R13(RES 1206)
Add component (AddParameter): Name = "Resistance"; Value = "33k"; VariantName = "[No Variations]"
Added Component: Designator=R14(RES 1206)
Add component (AddParameter): Name = "Resistance"; Value = "3.3k"; VariantName = "[No Variations]"
Added Component: Designator=R15(RES 1206)
Add component (AddParameter): Name = "Resistance"; Value = "470"; VariantName = "[No Variations]"
Added Component: Designator=U1(DIP6)
Add component (AddParameter): Name = "Parameter 1"; Value = ""; VariantName = "[No Variations]"
Added Pin To Net: NetName=BUTTON_LED_3 Pin=BUZ1-2
Added Pin To Net: NetName=5V Pin=D13-2
Added Pin To Net: NetName=KEYS_LED Pin=Q1-2
Added Pin To Net: NetName=5V Pin=Q1-3
Added Pin To Net: NetName=5V Pin=R13-1
Added Pin To Net: NetName=GPIO13 Pin=R15-1
Added Pin To Net: NetName=BUTTON_LED_3 Pin=U1-2
Added Pin To Net: NetName=BUTTON_LED_3 Pin=U1-4
Added Pin To Net: NetName=BUTTON_LED_4 Pin=X3-3
Added Pin To Net: NetName=GPIO26 Pin=BUZ1-1
Added Pin To Net: NetName=GPIO26 Pin=X1-38
Added Net: Name=GPIO26
Added Pin To Net: NetName=NetD13_1 Pin=D13-1
Added Pin To Net: NetName=NetD13_1 Pin=Q1-1
Added Pin To Net: NetName=NetD13_1 Pin=R13-2
Added Pin To Net: NetName=NetD13_1 Pin=R14-2
Added Net: Name=NetD13_1
Added Pin To Net: NetName=NetR14_1 Pin=R14-1
Added Pin To Net: NetName=NetR14_1 Pin=U1-5
Added Net: Name=NetR14_1
Added Pin To Net: NetName=NetR15_2 Pin=R15-2
Added Pin To Net: NetName=NetR15_2 Pin=U1-1
Added Net: Name=NetR15_2
Change Class Name : Old Net Name=KSS New Net Name=KSS3
Added Member To Class: ClassName=KSS3 Member=Component BUZ1 HCM1206X
Added Member To Class: ClassName=KSS3 Member=Component D13 SS14
Added Member To Class: ClassName=KSS3 Member=Component Q1 IRLML6402
Added Member To Class: ClassName=KSS3 Member=Component R13 Resistor
Added Member To Class: ClassName=KSS3 Member=Component R14 Resistor
Added Member To Class: ClassName=KSS3 Member=Component R15 Resistor
Added Member To Class: ClassName=KSS3 Member=Component U1 4N27
