Removed Pin From Net: NetName=GPIO11 Pin=R10-2
Removed Pin From Net: NetName=GPIO9 Pin=R11-2
Removed Pin From Net: NetName=GPIO10 Pin=R12-2
Removed Member From Class: ClassName=KSS3 Member=D10
Removed Member From Class: ClassName=KSS3 Member=D11
Removed Member From Class: ClassName=KSS3 Member=D12
Removed Member From Class: ClassName=KSS3 Member=R10
Removed Member From Class: ClassName=KSS3 Member=R11
Removed Member From Class: ClassName=KSS3 Member=R12
Added Component: Designator=X?(GOLDPIN_M_4X1_90)
Added Component: Designator=X?(SCREW_TERMINAL_X4 2.54mm)
Added Pin To Net: NetName=GPIO10 Pin=X?-1
Added Pin To Net: NetName=GPIO9 Pin=X?-2
Added Pin To Net: NetName=GPIO11 Pin=X?-3
Added Pin To Net: NetName=GND Pin=X?-4
Added Pin To Net: NetName=GND Pin=X?-4
Added Pin To Net: NetName=NetR10_2 Pin=R10-2
Added Pin To Net: NetName=NetR10_2 Pin=X?-3
Added Net: Name=NetR10_2
Added Pin To Net: NetName=NetR11_2 Pin=R11-2
Added Pin To Net: NetName=NetR11_2 Pin=X?-2
Added Net: Name=NetR11_2
Added Pin To Net: NetName=NetR12_2 Pin=R12-2
Added Pin To Net: NetName=NetR12_2 Pin=X?-1
Added Net: Name=NetR12_2
Change Class Name : Old Net Name=KSS3 New Net Name=KSS_4_button
Added Class: Name=KSS_4_info_LED
Added Member To Class: ClassName=KSS_4_button Member=Component X? Connector x4
Added Room: Name=KSS_4_info_LED
