Removed Pin From Net: NetName=3V3 Pin=X3-4
Removed Pin From Net: NetName=GND Pin=X3-6
Removed Pin From Net: NetName=5V Pin=X4-1
Removed Pin From Net: NetName=3V3 Pin=X4-3
Removed Pin From Net: NetName=GPIO21 Pin=X4-4
Removed Pin From Net: NetName=GND Pin=X4-7
Removed Pin From Net: NetName=GND Pin=X4-8
Added Pin To Net: NetName=GPIO18 Pin=X3-1
Added Pin To Net: NetName=GND Pin=X3-2
Added Pin To Net: NetName=GPIO23 Pin=X3-3
Added Pin To Net: NetName=GPIO24 Pin=X3-4
Added Pin To Net: NetName=GPIO25 Pin=X3-6
Added Pin To Net: NetName=GPIO8 Pin=X3-7
Added Pin To Net: NetName=GPIO7 Pin=X3-8
Added Pin To Net: NetName=GPIO1 Pin=X4-1
Added Pin To Net: NetName=GPIO12 Pin=X4-3
Added Pin To Net: NetName=GND Pin=X4-4
Added Pin To Net: NetName=GPIO16 Pin=X4-5
Added Pin To Net: NetName=GPIO20 Pin=X4-6
Added Pin To Net: NetName=GPIO21 Pin=X4-7
Added Pin To Net: NetName=GPIO19 Pin=X4-8
