Add Component: Footprint Not Found IPEX
Add Component: Footprint Not Found SS03-12D01-CG4
Add Component: Footprint Not Found TSSOP-8
Added Component: Designator=U?(NEO-6M-0-001)
Add Pin To Net: Unknown Pin: Pin E1-1
Add Pin To Net: Unknown Pin: Pin E1-2
Add Pin To Net: Unknown Pin: Pin SW10-1
Add Pin To Net: Unknown Pin: Pin SW10-2
Add Pin To Net: Unknown Pin: Pin U2-1
Add Pin To Net: Unknown Pin: Pin U2-2
Add Pin To Net: Unknown Pin: Pin U2-3
Add Pin To Net: Unknown Pin: Pin U2-4
Add Pin To Net: Unknown Pin: Pin U2-5
Add Pin To Net: Unknown Pin: Pin U2-6
Add Pin To Net: Unknown Pin: Pin U2-7
Add Pin To Net: Unknown Pin: Pin U2-8
Added Pin To Net: NetName=GPIO4 Pin=U?-3
Added Pin To Net: NetName=GND Pin=U?-7
Added Pin To Net: NetName=NetR17_1 Pin=U?-8
Added Pin To Net: NetName=NetR17_1 Pin=U?-9
Added Pin To Net: NetName=GND Pin=U?-10
Added Pin To Net: NetName=NetE1_1 Pin=U?-11
Added Pin To Net: NetName=GND Pin=U?-12
Added Pin To Net: NetName=GND Pin=U?-13
Added Pin To Net: NetName=GSDA Pin=U?-18
Added Pin To Net: NetName=GSCL Pin=U?-19
Added Pin To Net: NetName=NetR15_2 Pin=U?-20
Added Pin To Net: NetName=NetR14_2 Pin=U?-21
Added Pin To Net: NetName=GPS PWR Pin=U?-23
Added Pin To Net: NetName=GND Pin=U?-24
Add Class Member: Failed to add class member : Component E1 IPEX
Add Class Member: Failed to add class member : Component SW10 Switch_ON/ON_1CH
Add Class Member: Failed to add class member : Component U2 24C32
Added Member To Class: ClassName=KSS_4_button Member=Component U? NEO-6M-0-001
