Removed Pin From Net: NetName=GPIO4 Pin=X3-1
Removed Pin From Net: NetName=GPIO14 Pin=X3-7
Removed Pin From Net: NetName=GPIO15 Pin=X3-8
Change Component Footprint: Designator=R10 Old Footprint=RES_0603 New Footprint=RES 1206
Change Component Footprint: Designator=R11 Old Footprint=RES_0603 New Footprint=RES 1206
Change Component Footprint: Designator=R12 Old Footprint=RES_0603 New Footprint=RES 1206
Added Component: Designator=C1(CAP_0603)
Add component (AddParameter): Name = "Capacitance"; Value = "1uF"; VariantName = "[No Variations]"
Added Component: Designator=C2(CAP_0603)
Add component (AddParameter): Name = "Capacitance"; Value = "1uF"; VariantName = "[No Variations]"
Added Component: Designator=D11(LED_0603)
Add Component: Footprint Not Found IPEX
Added Component: Designator=R13(RES 1206)
Add component (AddParameter): Name = "Resistance"; Value = "4.7k"; VariantName = "[No Variations]"
Added Component: Designator=R14(RES 1206)
Add component (AddParameter): Name = "Resistance"; Value = "10"; VariantName = "[No Variations]"
Added Component: Designator=R15(RES 1206)
Add component (AddParameter): Name = "Resistance"; Value = "10"; VariantName = "[No Variations]"
Added Component: Designator=R16(RES 1206)
Add component (AddParameter): Name = "Resistance"; Value = "10"; VariantName = "[No Variations]"
Added Component: Designator=R17(RES 1206)
Add component (AddParameter): Name = "Resistance"; Value = "10"; VariantName = "[No Variations]"
Add Component: Footprint Not Found SS03-12D01-CG4
Add Component: Footprint Not Found TSSOP-8
Added Component: Designator=U3(SOT23_5_PIN)
Add Component: Footprint Not Found NEO-6M-0-001
Added Pin To Net: NetName=GND Pin=C1-2
Added Pin To Net: NetName=GND Pin=C2-2
Added Pin To Net: NetName=GPIO4 Pin=D11-1
Add Pin To Net: Unknown Pin: Pin E1-2
Added Pin To Net: NetName=GND Pin=R13-2
Added Pin To Net: NetName=GPIO14 Pin=R14-1
Added Pin To Net: NetName=GPIO15 Pin=R15-1
Add Pin To Net: Unknown Pin: Pin SW10-1
Add Pin To Net: Unknown Pin: Pin U2-1
Add Pin To Net: Unknown Pin: Pin U2-2
Add Pin To Net: Unknown Pin: Pin U2-3
Add Pin To Net: Unknown Pin: Pin U2-4
Add Pin To Net: Unknown Pin: Pin U2-7
Added Pin To Net: NetName=GND Pin=U3-2
Add Pin To Net: Unknown Pin: Pin U4-3
Add Pin To Net: Unknown Pin: Pin U4-7
Add Pin To Net: Unknown Pin: Pin U4-10
Add Pin To Net: Unknown Pin: Pin U4-12
Add Pin To Net: Unknown Pin: Pin U4-13
Add Pin To Net: Unknown Pin: Pin U4-24
Added Pin To Net: NetName=GPS PPS Pin=X3-1
Added Net: Name=GPS PPS
Added Pin To Net: NetName=GPS PWR Pin=C2-1
Added Pin To Net: NetName=GPS PWR Pin=U3-5
Added Net: Name=GPS PWR
Added Pin To Net: NetName=GPS RX Pin=X3-8
Added Net: Name=GPS RX
Added Pin To Net: NetName=GPS TX Pin=X3-7
Added Net: Name=GPS TX
Added Net: Name=GSCL
Added Net: Name=GSDA
Added Pin To Net: NetName=NetC1_1 Pin=C1-1
Added Pin To Net: NetName=NetC1_1 Pin=U3-1
Added Pin To Net: NetName=NetC1_1 Pin=U3-3
Added Net: Name=NetC1_1
Added Pin To Net: NetName=NetD11_2 Pin=D11-2
Added Pin To Net: NetName=NetD11_2 Pin=R13-1
Added Net: Name=NetD11_2
Added Pin To Net: NetName=NetE1_1 Pin=R16-2
Added Net: Name=NetE1_1
Added Pin To Net: NetName=NetL1_1 Pin=R16-1
Added Net: Name=NetL1_1
Added Pin To Net: NetName=NetL1_2 Pin=R17-2
Added Net: Name=NetL1_2
Added Pin To Net: NetName=NetR14_2 Pin=R14-2
Added Net: Name=NetR14_2
Added Pin To Net: NetName=NetR15_2 Pin=R15-2
Added Net: Name=NetR15_2
Added Pin To Net: NetName=NetR17_1 Pin=R17-1
Added Net: Name=NetR17_1
Added Member To Class: ClassName=KSS_4_button Member=Component C1 Capacitor
Added Member To Class: ClassName=KSS_4_button Member=Component C2 Capacitor
Added Member To Class: ClassName=KSS_4_button Member=Component D11 WH
Add Class Member: Failed to add class member : Component E1 IPEX
Add Class Member: Failed to add class member : Component L1 Inductor
Added Member To Class: ClassName=KSS_4_button Member=Component R13 Resistor
Added Member To Class: ClassName=KSS_4_button Member=Component R14 Resistor
Added Member To Class: ClassName=KSS_4_button Member=Component R15 Resistor
Added Member To Class: ClassName=KSS_4_button Member=Component R16 Resistor
Added Member To Class: ClassName=KSS_4_button Member=Component R17 Resistor
Add Class Member: Failed to add class member : Component SW10 Switch_ON/ON_1CH
Add Class Member: Failed to add class member : Component U2 24C32
Added Member To Class: ClassName=KSS_4_button Member=Component U3 TC1015
Add Class Member: Failed to add class member : Component U4 NEO-6M-0-001
