Removed Pin From Net: NetName=GND Pin=C1-2
Removed Pin From Net: NetName=GND Pin=C2-2
Removed Pin From Net: NetName=GPIO4 Pin=D11-1
Removed Pin From Net: NetName=GND Pin=E1-2
Removed Pin From Net: NetName=GND Pin=E1-2
Removed Pin From Net: NetName=GND Pin=E1-2
Removed Pin From Net: NetName=GND Pin=R13-2
Removed Pin From Net: NetName=GPIO14 Pin=R14-1
Removed Pin From Net: NetName=GPIO15 Pin=R15-1
Removed Pin From Net: NetName=3V3 Pin=SW10-1
Removed Pin From Net: NetName=GND Pin=U2-1
Removed Pin From Net: NetName=GND Pin=U2-2
Removed Pin From Net: NetName=GND Pin=U2-3
Removed Pin From Net: NetName=GND Pin=U2-4
Removed Pin From Net: NetName=GND Pin=U2-7
Removed Pin From Net: NetName=GND Pin=U3-2
Removed Pin From Net: NetName=GPIO4 Pin=U?-3
Removed Pin From Net: NetName=GND Pin=U?-7
Removed Pin From Net: NetName=GND Pin=U?-10
Removed Pin From Net: NetName=GND Pin=U?-12
Removed Pin From Net: NetName=GND Pin=U?-13
Removed Pin From Net: NetName=GND Pin=U?-24
Removed Member From Class: ClassName=KSS_4_button Member=C1
Removed Member From Class: ClassName=KSS_4_button Member=C2
Removed Member From Class: ClassName=KSS_4_button Member=D11
Removed Member From Class: ClassName=KSS_4_button Member=E1
Removed Member From Class: ClassName=KSS_4_button Member=L1
Removed Member From Class: ClassName=KSS_4_button Member=R13
Removed Member From Class: ClassName=KSS_4_button Member=R14
Removed Member From Class: ClassName=KSS_4_button Member=R15
Removed Member From Class: ClassName=KSS_4_button Member=R16
Removed Member From Class: ClassName=KSS_4_button Member=R17
Removed Member From Class: ClassName=KSS_4_button Member=SW10
Removed Member From Class: ClassName=KSS_4_button Member=U2
Removed Member From Class: ClassName=KSS_4_button Member=U3
Removed Member From Class: ClassName=KSS_4_button Member=U?
