Change Physical Footprint: Designator=BUZ1 Old Footprint=HCM1206X New Footprint=HCM1206X
Change Physical Footprint: Designator=D1 Old Footprint=LED_1206 New Footprint=LED_1206
Change Physical Footprint: Designator=D2 Old Footprint=LED_1206 New Footprint=LED_1206
Change Physical Footprint: Designator=D3 Old Footprint=LED_1206 New Footprint=LED_1206
Change Physical Footprint: Designator=D4 Old Footprint=LED_1206 New Footprint=LED_1206
Change Physical Footprint: Designator=D5 Old Footprint=LED_1206 New Footprint=LED_1206
Change Physical Footprint: Designator=D6 Old Footprint=LED_1206 New Footprint=LED_1206
Change Physical Footprint: Designator=D7 Old Footprint=LED_1206 New Footprint=LED_1206
Change Physical Footprint: Designator=D8 Old Footprint=LED_1206 New Footprint=LED_1206
Change Physical Footprint: Designator=D9 Old Footprint=LED_1206 New Footprint=LED_1206
Change Physical Footprint: Designator=D10 Old Footprint=SMA/DO-214AC New Footprint=SMA/DO-214AC
Change Physical Footprint: Designator=Q1 Old Footprint=SOT23_3_PIN New Footprint=SOT23_3_PIN
Change Physical Footprint: Designator=R10 Old Footprint=RES_0603 New Footprint=RES_0603
Change Physical Footprint: Designator=R11 Old Footprint=RES_0603 New Footprint=RES_0603
Change Physical Footprint: Designator=R12 Old Footprint=RES_0603 New Footprint=RES_0603
Change Physical Footprint: Designator=SW1 Old Footprint=Key switch Outemu New Footprint=Key switch Outemu
Change Physical Footprint: Designator=SW2 Old Footprint=Key switch Outemu New Footprint=Key switch Outemu
Change Physical Footprint: Designator=SW3 Old Footprint=Key switch Outemu New Footprint=Key switch Outemu
Change Physical Footprint: Designator=SW4 Old Footprint=Key switch Outemu New Footprint=Key switch Outemu
Change Physical Footprint: Designator=SW5 Old Footprint=Key switch Outemu New Footprint=Key switch Outemu
Change Physical Footprint: Designator=SW6 Old Footprint=Key switch Outemu New Footprint=Key switch Outemu
Change Physical Footprint: Designator=SW7 Old Footprint=Key switch Outemu New Footprint=Key switch Outemu
Change Physical Footprint: Designator=SW8 Old Footprint=Key switch Outemu New Footprint=Key switch Outemu
Change Physical Footprint: Designator=SW9 Old Footprint=Key switch Outemu New Footprint=Key switch Outemu
Change Physical Footprint: Designator=U1 Old Footprint=SOP-4 New Footprint=SOP-4
Change Physical Footprint: Designator=U2 Old Footprint=RASPBERRY_PI_ZERO_W2 New Footprint=RASPBERRY_PI_ZERO_W2
Change Physical Footprint: Designator=X2 Old Footprint=GROVE_4_pin_2mm_socket New Footprint=GROVE_4_pin_2mm_socket
Change Physical Footprint: Designator=X3 Old Footprint=HEADER_1X8_F New Footprint=HEADER_1X8_F
Change Physical Footprint: Designator=X4 Old Footprint=HEADER_1X8_F New Footprint=HEADER_1X8_F
Change Physical Footprint: Designator=X5 Old Footprint=HEADER_1X5_F New Footprint=HEADER_1X5_F
