Removed Pin From Net: NetName=5V Pin=X5-1
Removed Pin From Net: NetName=3V3 Pin=X5-2
Removed Pin From Net: NetName=5V Pin=X5-3
Removed Pin From Net: NetName=GPIO2 Pin=X5-4
Removed Pin From Net: NetName=GND Pin=X5-5
Removed Pin From Net: NetName=GPIO3 Pin=X5-6
Removed Pin From Net: NetName=GPIO14 Pin=X5-7
Removed Pin From Net: NetName=GPIO4 Pin=X5-8
Removed Pin From Net: NetName=GPIO15 Pin=X5-9
Removed Pin From Net: NetName=GND Pin=X5-10
Removed Pin From Net: NetName=GPIO18 Pin=X5-11
Removed Pin From Net: NetName=GPIO17 Pin=X5-12
Removed Pin From Net: NetName=GND Pin=X5-13
Removed Pin From Net: NetName=GPIO27 Pin=X5-14
Removed Pin From Net: NetName=GPIO23 Pin=X5-15
Removed Pin From Net: NetName=GPIO22 Pin=X5-16
Removed Pin From Net: NetName=GPIO24 Pin=X5-17
Removed Pin From Net: NetName=3V3 Pin=X5-18
Removed Pin From Net: NetName=GND Pin=X5-19
Removed Pin From Net: NetName=GPIO10 Pin=X5-20
Removed Pin From Net: NetName=GPIO25 Pin=X5-21
Removed Pin From Net: NetName=GPIO9 Pin=X5-22
Removed Pin From Net: NetName=GPIO8 Pin=X5-23
Removed Pin From Net: NetName=GPIO11 Pin=X5-24
Removed Pin From Net: NetName=GPIO7 Pin=X5-25
Removed Pin From Net: NetName=GND Pin=X5-26
Removed Pin From Net: NetName=GPIO1 Pin=X5-27
Removed Pin From Net: NetName=GPIO0 Pin=X5-28
Removed Pin From Net: NetName=GND Pin=X5-29
Removed Pin From Net: NetName=GPIO5 Pin=X5-30
Removed Pin From Net: NetName=GPIO12 Pin=X5-31
Removed Pin From Net: NetName=GPIO6 Pin=X5-32
Removed Pin From Net: NetName=GND Pin=X5-33
Removed Pin From Net: NetName=GPIO13 Pin=X5-34
Removed Pin From Net: NetName=GPIO16 Pin=X5-35
Removed Pin From Net: NetName=GPIO19 Pin=X5-36
Removed Pin From Net: NetName=GPIO20 Pin=X5-37
Removed Pin From Net: NetName=GPIO26 Pin=X5-38
Removed Pin From Net: NetName=GPIO21 Pin=X5-39
Removed Pin From Net: NetName=GND Pin=X5-40
Removed Member From Class: ClassName=KSS_4_button Member=X5
Added Component: Designator=U?(RASPBERRY_PI_ZERO_W2)
Added Pin To Net: NetName=3V3 Pin=U?-1
Added Pin To Net: NetName=5V Pin=U?-2
Added Pin To Net: NetName=GPIO2 Pin=U?-3
Added Pin To Net: NetName=5V Pin=U?-4
Added Pin To Net: NetName=GPIO3 Pin=U?-5
Added Pin To Net: NetName=GND Pin=U?-6
Added Pin To Net: NetName=GPIO4 Pin=U?-7
Added Pin To Net: NetName=GPIO14 Pin=U?-8
Added Pin To Net: NetName=GND Pin=U?-9
Added Pin To Net: NetName=GPIO15 Pin=U?-10
Added Pin To Net: NetName=GPIO17 Pin=U?-11
Added Pin To Net: NetName=GPIO18 Pin=U?-12
Added Pin To Net: NetName=GPIO27 Pin=U?-13
Added Pin To Net: NetName=GND Pin=U?-14
Added Pin To Net: NetName=GPIO22 Pin=U?-15
Added Pin To Net: NetName=GPIO23 Pin=U?-16
Added Pin To Net: NetName=3V3 Pin=U?-17
Added Pin To Net: NetName=GPIO24 Pin=U?-18
Added Pin To Net: NetName=GPIO10 Pin=U?-19
Added Pin To Net: NetName=GND Pin=U?-20
Added Pin To Net: NetName=GPIO9 Pin=U?-21
Added Pin To Net: NetName=GPIO25 Pin=U?-22
Added Pin To Net: NetName=GPIO11 Pin=U?-23
Added Pin To Net: NetName=GPIO8 Pin=U?-24
Added Pin To Net: NetName=GND Pin=U?-25
Added Pin To Net: NetName=GPIO7 Pin=U?-26
Added Pin To Net: NetName=GPIO0 Pin=U?-27
Added Pin To Net: NetName=GPIO1 Pin=U?-28
Added Pin To Net: NetName=GPIO5 Pin=U?-29
Added Pin To Net: NetName=GND Pin=U?-30
Added Pin To Net: NetName=GPIO6 Pin=U?-31
Added Pin To Net: NetName=GPIO12 Pin=U?-32
Added Pin To Net: NetName=GPIO13 Pin=U?-33
Added Pin To Net: NetName=GND Pin=U?-34
Added Pin To Net: NetName=GPIO19 Pin=U?-35
Added Pin To Net: NetName=GPIO16 Pin=U?-36
Added Pin To Net: NetName=GPIO26 Pin=U?-37
Added Pin To Net: NetName=GPIO20 Pin=U?-38
Added Pin To Net: NetName=GND Pin=U?-39
Added Pin To Net: NetName=GPIO21 Pin=U?-40
Added Member To Class: ClassName=KSS_4_button Member=Component U? RASPBERRY_PI_ZERO_W2
