Removed Pin From Net: NetName=GND Pin=X2-1
Removed Pin From Net: NetName=GPIO11 Pin=X2-2
Removed Pin From Net: NetName=GPIO9 Pin=X2-3
Removed Pin From Net: NetName=GPIO10 Pin=X2-4
Removed Member From Class: ClassName=KSS_4_button Member=X2
Added Component: Designator=X?(GROVE_4_pin_2mm_socket)
Add Pin To Net: Unknown Pin: Pin X3-1
Add Pin To Net: Unknown Pin: Pin X3-2
Add Pin To Net: Unknown Pin: Pin X3-3
Add Pin To Net: Unknown Pin: Pin X3-4
Add Pin To Net: Unknown Pin: Pin X3-5
Add Pin To Net: Unknown Pin: Pin X3-6
Add Pin To Net: Unknown Pin: Pin X3-7
Add Pin To Net: Unknown Pin: Pin X3-8
Add Pin To Net: Unknown Pin: Pin X4-1
Add Pin To Net: Unknown Pin: Pin X4-2
Add Pin To Net: Unknown Pin: Pin X4-3
Add Pin To Net: Unknown Pin: Pin X4-5
Add Pin To Net: Unknown Pin: Pin X4-6
Add Pin To Net: Unknown Pin: Pin X4-7
Add Pin To Net: Unknown Pin: Pin X4-8
Add Pin To Net: Unknown Pin: Pin X6-1
Add Pin To Net: Unknown Pin: Pin X6-2
Add Pin To Net: Unknown Pin: Pin X6-3
Add Pin To Net: Unknown Pin: Pin X6-4
Added Pin To Net: NetName=GPIO10 Pin=X?-1
Added Pin To Net: NetName=GPIO9 Pin=X?-2
Added Pin To Net: NetName=GPIO11 Pin=X?-3
Added Pin To Net: NetName=GND Pin=X?-4
Add Class Member: Failed to add class member : Component X3 ?
Add Class Member: Failed to add class member : Component X4 ?
Add Class Member: Failed to add class member : Component X6 ?
Added Member To Class: ClassName=KSS_4_button Member=Component X? Connector_x4
