Replace Symbol from BUZ1 HCM1206X in C:\Users\bhbo9\Documents\PROJECTS\BartoszOStrowski\PCB\KSS\KSS_4\KSS_4_button.SchDoc with HCM1206X from COMPONENTS_2022.IntLib
Replace Symbol from D1 SS14 in C:\Users\bhbo9\Documents\PROJECTS\BartoszOStrowski\PCB\KSS\KSS_4\KSS_4_button.SchDoc with SS14 from COMPONENTS_2022.IntLib
Replace Symbol from D2 Diode LED in C:\Users\bhbo9\Documents\PROJECTS\BartoszOStrowski\PCB\KSS\KSS_4\KSS_4_button.SchDoc with Diode LED from COMPONENTS_2022.IntLib
Replace Symbol from D3 Diode LED in C:\Users\bhbo9\Documents\PROJECTS\BartoszOStrowski\PCB\KSS\KSS_4\KSS_4_button.SchDoc with Diode LED from COMPONENTS_2022.IntLib
Replace Symbol from D4 Diode LED in C:\Users\bhbo9\Documents\PROJECTS\BartoszOStrowski\PCB\KSS\KSS_4\KSS_4_button.SchDoc with Diode LED from COMPONENTS_2022.IntLib
Replace Symbol from D5 Diode LED in C:\Users\bhbo9\Documents\PROJECTS\BartoszOStrowski\PCB\KSS\KSS_4\KSS_4_button.SchDoc with Diode LED from COMPONENTS_2022.IntLib
Replace Symbol from D6 Diode LED in C:\Users\bhbo9\Documents\PROJECTS\BartoszOStrowski\PCB\KSS\KSS_4\KSS_4_button.SchDoc with Diode LED from COMPONENTS_2022.IntLib
Replace Symbol from D7 Diode LED in C:\Users\bhbo9\Documents\PROJECTS\BartoszOStrowski\PCB\KSS\KSS_4\KSS_4_button.SchDoc with Diode LED from COMPONENTS_2022.IntLib
Replace Symbol from D8 Diode LED in C:\Users\bhbo9\Documents\PROJECTS\BartoszOStrowski\PCB\KSS\KSS_4\KSS_4_button.SchDoc with Diode LED from COMPONENTS_2022.IntLib
Replace Symbol from D9 Diode LED in C:\Users\bhbo9\Documents\PROJECTS\BartoszOStrowski\PCB\KSS\KSS_4\KSS_4_button.SchDoc with Diode LED from COMPONENTS_2022.IntLib
Replace Symbol from D10 Diode LED in C:\Users\bhbo9\Documents\PROJECTS\BartoszOStrowski\PCB\KSS\KSS_4\KSS_4_button.SchDoc with Diode LED from COMPONENTS_2022.IntLib
Replace Symbol from Q1 IRLML6402 in C:\Users\bhbo9\Documents\PROJECTS\BartoszOStrowski\PCB\KSS\KSS_4\KSS_4_button.SchDoc with IRLML6402 from COMPONENTS_2022.IntLib
Replace Symbol from R1 Resistor in C:\Users\bhbo9\Documents\PROJECTS\BartoszOStrowski\PCB\KSS\KSS_4\KSS_4_button.SchDoc with Resistor from COMPONENTS_2022.IntLib
Replace Symbol from R2 Resistor in C:\Users\bhbo9\Documents\PROJECTS\BartoszOStrowski\PCB\KSS\KSS_4\KSS_4_button.SchDoc with Resistor from COMPONENTS_2022.IntLib
Replace Symbol from R3 Resistor in C:\Users\bhbo9\Documents\PROJECTS\BartoszOStrowski\PCB\KSS\KSS_4\KSS_4_button.SchDoc with Resistor from COMPONENTS_2022.IntLib
Replace Symbol from R4 Resistor in C:\Users\bhbo9\Documents\PROJECTS\BartoszOStrowski\PCB\KSS\KSS_4\KSS_4_button.SchDoc with Resistor from COMPONENTS_2022.IntLib
Replace Symbol from R5 Resistor in C:\Users\bhbo9\Documents\PROJECTS\BartoszOStrowski\PCB\KSS\KSS_4\KSS_4_button.SchDoc with Resistor from COMPONENTS_2022.IntLib
Replace Symbol from R6 Resistor in C:\Users\bhbo9\Documents\PROJECTS\BartoszOStrowski\PCB\KSS\KSS_4\KSS_4_button.SchDoc with Resistor from COMPONENTS_2022.IntLib
Replace Symbol from R7 Resistor in C:\Users\bhbo9\Documents\PROJECTS\BartoszOStrowski\PCB\KSS\KSS_4\KSS_4_button.SchDoc with Resistor from COMPONENTS_2022.IntLib
Replace Symbol from R8 Resistor in C:\Users\bhbo9\Documents\PROJECTS\BartoszOStrowski\PCB\KSS\KSS_4\KSS_4_button.SchDoc with Resistor from COMPONENTS_2022.IntLib
Replace Symbol from R9 Resistor in C:\Users\bhbo9\Documents\PROJECTS\BartoszOStrowski\PCB\KSS\KSS_4\KSS_4_button.SchDoc with Resistor from COMPONENTS_2022.IntLib
Replace Symbol from R10 Resistor in C:\Users\bhbo9\Documents\PROJECTS\BartoszOStrowski\PCB\KSS\KSS_4\KSS_4_button.SchDoc with Resistor from COMPONENTS_2022.IntLib
Replace Symbol from R11 Resistor in C:\Users\bhbo9\Documents\PROJECTS\BartoszOStrowski\PCB\KSS\KSS_4\KSS_4_button.SchDoc with Resistor from COMPONENTS_2022.IntLib
Replace Symbol from R12 Resistor in C:\Users\bhbo9\Documents\PROJECTS\BartoszOStrowski\PCB\KSS\KSS_4\KSS_4_button.SchDoc with Resistor from COMPONENTS_2022.IntLib
Replace Symbol from SW1 Pushbutton in C:\Users\bhbo9\Documents\PROJECTS\BartoszOStrowski\PCB\KSS\KSS_4\KSS_4_button.SchDoc with Pushbutton from COMPONENTS_2022.IntLib
Replace Symbol from SW2 Pushbutton in C:\Users\bhbo9\Documents\PROJECTS\BartoszOStrowski\PCB\KSS\KSS_4\KSS_4_button.SchDoc with Pushbutton from COMPONENTS_2022.IntLib
Replace Symbol from SW3 Pushbutton in C:\Users\bhbo9\Documents\PROJECTS\BartoszOStrowski\PCB\KSS\KSS_4\KSS_4_button.SchDoc with Pushbutton from COMPONENTS_2022.IntLib
Replace Symbol from SW4 Pushbutton in C:\Users\bhbo9\Documents\PROJECTS\BartoszOStrowski\PCB\KSS\KSS_4\KSS_4_button.SchDoc with Pushbutton from COMPONENTS_2022.IntLib
Replace Symbol from SW5 Pushbutton in C:\Users\bhbo9\Documents\PROJECTS\BartoszOStrowski\PCB\KSS\KSS_4\KSS_4_button.SchDoc with Pushbutton from COMPONENTS_2022.IntLib
Replace Symbol from SW6 Pushbutton in C:\Users\bhbo9\Documents\PROJECTS\BartoszOStrowski\PCB\KSS\KSS_4\KSS_4_button.SchDoc with Pushbutton from COMPONENTS_2022.IntLib
Replace Symbol from SW7 Pushbutton in C:\Users\bhbo9\Documents\PROJECTS\BartoszOStrowski\PCB\KSS\KSS_4\KSS_4_button.SchDoc with Pushbutton from COMPONENTS_2022.IntLib
Replace Symbol from SW8 Pushbutton in C:\Users\bhbo9\Documents\PROJECTS\BartoszOStrowski\PCB\KSS\KSS_4\KSS_4_button.SchDoc with Pushbutton from COMPONENTS_2022.IntLib
Replace Symbol from SW9 Pushbutton in C:\Users\bhbo9\Documents\PROJECTS\BartoszOStrowski\PCB\KSS\KSS_4\KSS_4_button.SchDoc with Pushbutton from COMPONENTS_2022.IntLib
Replace Symbol from U1 4N27 in C:\Users\bhbo9\Documents\PROJECTS\BartoszOStrowski\PCB\KSS\KSS_4\KSS_4_button.SchDoc with 4N27 from COMPONENTS_2022.IntLib
Replace Symbol from X1 USB_MICRO_B in C:\Users\bhbo9\Documents\PROJECTS\BartoszOStrowski\PCB\KSS\KSS_4\KSS_4_button.SchDoc with USB_MICRO_B from COMPONENTS_2022.IntLib
Replace Symbol from X2 Connector x4 in C:\Users\bhbo9\Documents\PROJECTS\BartoszOStrowski\PCB\KSS\KSS_4\KSS_4_button.SchDoc with Connector x4 from COMPONENTS_2022.IntLib
Replace Symbol from X3 Connector x8 in C:\Users\bhbo9\Documents\PROJECTS\BartoszOStrowski\PCB\KSS\KSS_4\KSS_4_button.SchDoc with Connector x8 from COMPONENTS_2022.IntLib
Replace Symbol from X4 Connector x8 in C:\Users\bhbo9\Documents\PROJECTS\BartoszOStrowski\PCB\KSS\KSS_4\KSS_4_button.SchDoc with Connector x8 from COMPONENTS_2022.IntLib
Replace Symbol from X5 GoldPin_F_20x2 in C:\Users\bhbo9\Documents\PROJECTS\BartoszOStrowski\PCB\KSS\KSS_4\KSS_4_button.SchDoc with GoldPin_F_20x2 from COMPONENTS_2022.IntLib
Replace Symbol from X6 Connector x8 in C:\Users\bhbo9\Documents\PROJECTS\BartoszOStrowski\PCB\KSS\KSS_4\KSS_4_button.SchDoc with Connector x8 from COMPONENTS_2022.IntLib
