Change Component Footprint: Designator=X3 Old Footprint=SCREW_TERMINAL_X8 5,08mm New Footprint=SCREW_TERMINAL_X8 2.54mm
Change Component Footprint: Designator=X4 Old Footprint=SCREW_TERMINAL_X8 5,08mm New Footprint=SCREW_TERMINAL_X8 2.54mm
Change Component Footprint: Designator=X6 Old Footprint=SCREW_TERMINAL_X8 5,08mm New Footprint=SCREW_TERMINAL_X8 2.54mm
Added Member To Class: ClassName=KSS_4_button Member=Component D1 SS14
Added Member To Class: ClassName=KSS_4_button Member=Component D2 WH
Added Member To Class: ClassName=KSS_4_button Member=Component D3 WH
Added Member To Class: ClassName=KSS_4_button Member=Component D5 WH
Added Member To Class: ClassName=KSS_4_button Member=Component D7 WH
Added Member To Class: ClassName=KSS_4_button Member=Component D8 WH
Added Member To Class: ClassName=KSS_4_button Member=Component D9 WH
Added Member To Class: ClassName=KSS_4_button Member=Component D10 WH
Added Member To Class: ClassName=KSS_4_button Member=Component R1 Resistor
Added Member To Class: ClassName=KSS_4_button Member=Component R2 Resistor
Added Member To Class: ClassName=KSS_4_button Member=Component R3 Resistor
Added Member To Class: ClassName=KSS_4_button Member=Component R4 Resistor
Added Member To Class: ClassName=KSS_4_button Member=Component R5 Resistor
Added Member To Class: ClassName=KSS_4_button Member=Component R7 Resistor
Added Member To Class: ClassName=KSS_4_button Member=Component R8 Resistor
Added Member To Class: ClassName=KSS_4_button Member=Component R9 Resistor
Added Member To Class: ClassName=KSS_4_button Member=Component R10 Resistor
Added Member To Class: ClassName=KSS_4_button Member=Component R11 Resistor
Added Member To Class: ClassName=KSS_4_button Member=Component R12 Resistor
Added Member To Class: ClassName=KSS_4_button Member=Component X5 GoldPin_F_20x2
Added Member To Class: ClassName=KSS_4_button Member=Component X6 ?
