Change Component Designator: Old Designator=BUZ1 New Designator=BUZ?
Change Component Designator: Old Designator=D1 New Designator=D?
Change Component Designator: Old Designator=D2 New Designator=D?
Change Component Designator: Old Designator=D3 New Designator=D?
Change Component Designator: Old Designator=D4 New Designator=D?
Change Component Designator: Old Designator=D5 New Designator=D?
Change Component Designator: Old Designator=D6 New Designator=D?
Change Component Designator: Old Designator=D7 New Designator=D?
Change Component Designator: Old Designator=D8 New Designator=D?
Change Component Designator: Old Designator=D9 New Designator=D?
Change Component Designator: Old Designator=D10 New Designator=D?
Change Component Designator: Old Designator=Q1 New Designator=Q?
Change Component Designator: Old Designator=R1 New Designator=R?
Change Component Designator: Old Designator=R2 New Designator=R?
Change Component Designator: Old Designator=R3 New Designator=R?
Change Component Designator: Old Designator=R4 New Designator=R?
Change Component Designator: Old Designator=R5 New Designator=R?
Change Component Designator: Old Designator=R6 New Designator=R?
Change Component Designator: Old Designator=R7 New Designator=R?
Change Component Designator: Old Designator=R8 New Designator=R?
Change Component Designator: Old Designator=R9 New Designator=R?
Change Component Designator: Old Designator=R10 New Designator=R?
Change Component Designator: Old Designator=R11 New Designator=R?
Change Component Designator: Old Designator=R12 New Designator=R?
Change Component Designator: Old Designator=SW1 New Designator=SW?
Change Component Designator: Old Designator=SW2 New Designator=SW?
Change Component Designator: Old Designator=SW3 New Designator=SW?
Change Component Designator: Old Designator=SW4 New Designator=SW?
Change Component Designator: Old Designator=SW5 New Designator=SW?
Change Component Designator: Old Designator=SW6 New Designator=SW?
Change Component Designator: Old Designator=SW7 New Designator=SW?
Change Component Designator: Old Designator=SW8 New Designator=SW?
Change Component Designator: Old Designator=SW9 New Designator=SW?
Change Component Designator: Old Designator=U1 New Designator=U?
Change Component Designator: Old Designator=X1 New Designator=X?
Change Component Designator: Old Designator=X2 New Designator=X?
